{"D:\\ESTUDIOS WEB\\BOOTCAMP-HELSINKI\\FullStackOpen2023_exercises\\part2part5\\notes\\src\\App.jsx": {"path":"D:\\ESTUDIOS WEB\\BOOTCAMP-HELSINKI\\FullStackOpen2023_exercises\\part2part5\\notes\\src\\App.jsx","statementMap":{"0":{"start":{"line":11,"column":12},"end":{"line":144,"column":1}},"1":{"start":{"line":12,"column":28},"end":{"line":12,"column":40}},"2":{"start":{"line":13,"column":32},"end":{"line":13,"column":46}},"3":{"start":{"line":14,"column":42},"end":{"line":14,"column":56}},"4":{"start":{"line":15,"column":26},"end":{"line":15,"column":40}},"5":{"start":{"line":16,"column":42},"end":{"line":16,"column":57}},"6":{"start":{"line":17,"column":22},"end":{"line":17,"column":30}},"7":{"start":{"line":19,"column":2},"end":{"line":23,"column":8}},"8":{"start":{"line":20,"column":4},"end":{"line":22,"column":6}},"9":{"start":{"line":21,"column":6},"end":{"line":21,"column":28}},"10":{"start":{"line":25,"column":2},"end":{"line":32,"column":8}},"11":{"start":{"line":26,"column":27},"end":{"line":26,"column":75}},"12":{"start":{"line":27,"column":4},"end":{"line":31,"column":5}},"13":{"start":{"line":28,"column":19},"end":{"line":28,"column":45}},"14":{"start":{"line":29,"column":6},"end":{"line":29,"column":19}},"15":{"start":{"line":30,"column":6},"end":{"line":30,"column":38}},"16":{"start":{"line":34,"column":18},"end":{"line":41,"column":3}},"17":{"start":{"line":35,"column":4},"end":{"line":35,"column":42}},"18":{"start":{"line":36,"column":4},"end":{"line":40,"column":8}},"19":{"start":{"line":39,"column":8},"end":{"line":39,"column":44}},"20":{"start":{"line":43,"column":29},"end":{"line":60,"column":3}},"21":{"start":{"line":44,"column":17},"end":{"line":44,"column":45}},"22":{"start":{"line":44,"column":33},"end":{"line":44,"column":44}},"23":{"start":{"line":45,"column":24},"end":{"line":45,"column":63}},"24":{"start":{"line":47,"column":4},"end":{"line":59,"column":8}},"25":{"start":{"line":49,"column":8},"end":{"line":49,"column":65}},"26":{"start":{"line":49,"column":32},"end":{"line":49,"column":62}},"27":{"start":{"line":52,"column":8},"end":{"line":54,"column":9}},"28":{"start":{"line":55,"column":8},"end":{"line":57,"column":16}},"29":{"start":{"line":56,"column":10},"end":{"line":56,"column":31}},"30":{"start":{"line":62,"column":22},"end":{"line":84,"column":3}},"31":{"start":{"line":63,"column":4},"end":{"line":83,"column":5}},"32":{"start":{"line":64,"column":19},"end":{"line":64,"column":56}},"33":{"start":{"line":66,"column":6},"end":{"line":68,"column":7}},"34":{"start":{"line":69,"column":6},"end":{"line":69,"column":38}},"35":{"start":{"line":70,"column":6},"end":{"line":70,"column":19}},"36":{"start":{"line":79,"column":6},"end":{"line":79,"column":42}},"37":{"start":{"line":80,"column":6},"end":{"line":82,"column":14}},"38":{"start":{"line":81,"column":8},"end":{"line":81,"column":29}},"39":{"start":{"line":86,"column":20},"end":{"line":103,"column":3}},"40":{"start":{"line":87,"column":28},"end":{"line":87,"column":67}},"41":{"start":{"line":88,"column":28},"end":{"line":88,"column":67}},"42":{"start":{"line":90,"column":4},"end":{"line":102,"column":5}},"43":{"start":{"line":93,"column":33},"end":{"line":93,"column":54}},"44":{"start":{"line":99,"column":33},"end":{"line":99,"column":55}},"45":{"start":{"line":105,"column":19},"end":{"line":109,"column":3}},"46":{"start":{"line":106,"column":4},"end":{"line":108,"column":16}},"47":{"start":{"line":111,"column":22},"end":{"line":111,"column":76}},"48":{"start":{"line":111,"column":61},"end":{"line":111,"column":75}},"49":{"start":{"line":113,"column":2},"end":{"line":143,"column":3}},"50":{"start":{"line":127,"column":31},"end":{"line":127,"column":51}},"51":{"start":{"line":133,"column":10},"end":{"line":137,"column":12}},"52":{"start":{"line":136,"column":36},"end":{"line":136,"column":63}}},"fnMap":{"0":{"name":"(anonymous_0)","decl":{"start":{"line":11,"column":12},"end":{"line":11,"column":13}},"loc":{"start":{"line":11,"column":18},"end":{"line":144,"column":1}},"line":11},"1":{"name":"(anonymous_1)","decl":{"start":{"line":19,"column":12},"end":{"line":19,"column":13}},"loc":{"start":{"line":19,"column":18},"end":{"line":23,"column":3}},"line":19},"2":{"name":"(anonymous_2)","decl":{"start":{"line":20,"column":30},"end":{"line":20,"column":31}},"loc":{"start":{"line":20,"column":47},"end":{"line":22,"column":5}},"line":20},"3":{"name":"(anonymous_3)","decl":{"start":{"line":25,"column":12},"end":{"line":25,"column":13}},"loc":{"start":{"line":25,"column":18},"end":{"line":32,"column":3}},"line":25},"4":{"name":"(anonymous_4)","decl":{"start":{"line":34,"column":18},"end":{"line":34,"column":19}},"loc":{"start":{"line":34,"column":34},"end":{"line":41,"column":3}},"line":34},"5":{"name":"(anonymous_5)","decl":{"start":{"line":38,"column":12},"end":{"line":38,"column":13}},"loc":{"start":{"line":38,"column":28},"end":{"line":40,"column":7}},"line":38},"6":{"name":"(anonymous_6)","decl":{"start":{"line":43,"column":29},"end":{"line":43,"column":30}},"loc":{"start":{"line":43,"column":37},"end":{"line":60,"column":3}},"line":43},"7":{"name":"(anonymous_7)","decl":{"start":{"line":44,"column":28},"end":{"line":44,"column":29}},"loc":{"start":{"line":44,"column":33},"end":{"line":44,"column":44}},"line":44},"8":{"name":"(anonymous_8)","decl":{"start":{"line":48,"column":12},"end":{"line":48,"column":13}},"loc":{"start":{"line":48,"column":29},"end":{"line":50,"column":7}},"line":48},"9":{"name":"(anonymous_9)","decl":{"start":{"line":49,"column":27},"end":{"line":49,"column":28}},"loc":{"start":{"line":49,"column":32},"end":{"line":49,"column":62}},"line":49},"10":{"name":"(anonymous_10)","decl":{"start":{"line":51,"column":13},"end":{"line":51,"column":14}},"loc":{"start":{"line":51,"column":19},"end":{"line":59,"column":7}},"line":51},"11":{"name":"(anonymous_11)","decl":{"start":{"line":55,"column":19},"end":{"line":55,"column":20}},"loc":{"start":{"line":55,"column":25},"end":{"line":57,"column":9}},"line":55},"12":{"name":"(anonymous_12)","decl":{"start":{"line":62,"column":22},"end":{"line":62,"column":23}},"loc":{"start":{"line":62,"column":45},"end":{"line":84,"column":3}},"line":62},"13":{"name":"(anonymous_13)","decl":{"start":{"line":80,"column":17},"end":{"line":80,"column":18}},"loc":{"start":{"line":80,"column":23},"end":{"line":82,"column":7}},"line":80},"14":{"name":"(anonymous_14)","decl":{"start":{"line":86,"column":20},"end":{"line":86,"column":21}},"loc":{"start":{"line":86,"column":26},"end":{"line":103,"column":3}},"line":86},"15":{"name":"(anonymous_15)","decl":{"start":{"line":93,"column":27},"end":{"line":93,"column":28}},"loc":{"start":{"line":93,"column":33},"end":{"line":93,"column":54}},"line":93},"16":{"name":"(anonymous_16)","decl":{"start":{"line":99,"column":27},"end":{"line":99,"column":28}},"loc":{"start":{"line":99,"column":33},"end":{"line":99,"column":55}},"line":99},"17":{"name":"(anonymous_17)","decl":{"start":{"line":105,"column":19},"end":{"line":105,"column":20}},"loc":{"start":{"line":106,"column":4},"end":{"line":108,"column":16}},"line":106},"18":{"name":"(anonymous_18)","decl":{"start":{"line":111,"column":53},"end":{"line":111,"column":54}},"loc":{"start":{"line":111,"column":61},"end":{"line":111,"column":75}},"line":111},"19":{"name":"(anonymous_19)","decl":{"start":{"line":127,"column":25},"end":{"line":127,"column":26}},"loc":{"start":{"line":127,"column":31},"end":{"line":127,"column":51}},"line":127},"20":{"name":"(anonymous_20)","decl":{"start":{"line":132,"column":25},"end":{"line":132,"column":26}},"loc":{"start":{"line":133,"column":10},"end":{"line":137,"column":12}},"line":133},"21":{"name":"(anonymous_21)","decl":{"start":{"line":136,"column":30},"end":{"line":136,"column":31}},"loc":{"start":{"line":136,"column":36},"end":{"line":136,"column":63}},"line":136}},"branchMap":{"0":{"loc":{"start":{"line":27,"column":4},"end":{"line":31,"column":5}},"type":"if","locations":[{"start":{"line":27,"column":4},"end":{"line":31,"column":5}},{"start":{},"end":{}}],"line":27},"1":{"loc":{"start":{"line":49,"column":32},"end":{"line":49,"column":62}},"type":"cond-expr","locations":[{"start":{"line":49,"column":46},"end":{"line":49,"column":47}},{"start":{"line":49,"column":50},"end":{"line":49,"column":62}}],"line":49},"2":{"loc":{"start":{"line":87,"column":39},"end":{"line":87,"column":65}},"type":"cond-expr","locations":[{"start":{"line":87,"column":54},"end":{"line":87,"column":60}},{"start":{"line":87,"column":63},"end":{"line":87,"column":65}}],"line":87},"3":{"loc":{"start":{"line":88,"column":39},"end":{"line":88,"column":65}},"type":"cond-expr","locations":[{"start":{"line":88,"column":54},"end":{"line":88,"column":56}},{"start":{"line":88,"column":59},"end":{"line":88,"column":65}}],"line":88},"4":{"loc":{"start":{"line":111,"column":22},"end":{"line":111,"column":76}},"type":"cond-expr","locations":[{"start":{"line":111,"column":32},"end":{"line":111,"column":37}},{"start":{"line":111,"column":40},"end":{"line":111,"column":76}}],"line":111},"5":{"loc":{"start":{"line":119,"column":7},"end":{"line":119,"column":27}},"type":"binary-expr","locations":[{"start":{"line":119,"column":7},"end":{"line":119,"column":12}},{"start":{"line":119,"column":16},"end":{"line":119,"column":27}}],"line":119},"6":{"loc":{"start":{"line":120,"column":7},"end":{"line":123,"column":12}},"type":"binary-expr","locations":[{"start":{"line":120,"column":7},"end":{"line":120,"column":11}},{"start":{"line":120,"column":15},"end":{"line":123,"column":12}}],"line":120},"7":{"loc":{"start":{"line":128,"column":16},"end":{"line":128,"column":45}},"type":"cond-expr","locations":[{"start":{"line":128,"column":26},"end":{"line":128,"column":37}},{"start":{"line":128,"column":40},"end":{"line":128,"column":45}}],"line":128}},"s":{"0":0,"1":0,"2":0,"3":0,"4":0,"5":0,"6":0,"7":0,"8":0,"9":0,"10":0,"11":0,"12":0,"13":0,"14":0,"15":0,"16":0,"17":0,"18":0,"19":0,"20":0,"21":0,"22":0,"23":0,"24":0,"25":0,"26":0,"27":0,"28":0,"29":0,"30":0,"31":0,"32":0,"33":0,"34":0,"35":0,"36":0,"37":0,"38":0,"39":0,"40":0,"41":0,"42":0,"43":0,"44":0,"45":0,"46":0,"47":0,"48":0,"49":0,"50":0,"51":0,"52":0},"f":{"0":0,"1":0,"2":0,"3":0,"4":0,"5":0,"6":0,"7":0,"8":0,"9":0,"10":0,"11":0,"12":0,"13":0,"14":0,"15":0,"16":0,"17":0,"18":0,"19":0,"20":0,"21":0},"b":{"0":[0,0],"1":[0,0],"2":[0,0],"3":[0,0],"4":[0,0],"5":[0,0],"6":[0,0],"7":[0,0]}}
,"D:\\ESTUDIOS WEB\\BOOTCAMP-HELSINKI\\FullStackOpen2023_exercises\\part2part5\\notes\\src\\main.jsx": {"path":"D:\\ESTUDIOS WEB\\BOOTCAMP-HELSINKI\\FullStackOpen2023_exercises\\part2part5\\notes\\src\\main.jsx","statementMap":{"0":{"start":{"line":5,"column":0},"end":{"line":5,"column":68}}},"fnMap":{},"branchMap":{},"s":{"0":0},"f":{},"b":{}}
,"D:\\ESTUDIOS WEB\\BOOTCAMP-HELSINKI\\FullStackOpen2023_exercises\\part2part5\\notes\\src\\components\\Footer.jsx": {"path":"D:\\ESTUDIOS WEB\\BOOTCAMP-HELSINKI\\FullStackOpen2023_exercises\\part2part5\\notes\\src\\components\\Footer.jsx","statementMap":{"0":{"start":{"line":1,"column":15},"end":{"line":14,"column":1}},"1":{"start":{"line":2,"column":22},"end":{"line":6,"column":3}},"2":{"start":{"line":8,"column":2},"end":{"line":13,"column":3}}},"fnMap":{"0":{"name":"(anonymous_0)","decl":{"start":{"line":1,"column":15},"end":{"line":1,"column":16}},"loc":{"start":{"line":1,"column":21},"end":{"line":14,"column":1}},"line":1}},"branchMap":{},"s":{"0":0,"1":0,"2":0},"f":{"0":0},"b":{}}
,"D:\\ESTUDIOS WEB\\BOOTCAMP-HELSINKI\\FullStackOpen2023_exercises\\part2part5\\notes\\src\\components\\LoginForm.jsx": {"path":"D:\\ESTUDIOS WEB\\BOOTCAMP-HELSINKI\\FullStackOpen2023_exercises\\part2part5\\notes\\src\\components\\LoginForm.jsx","statementMap":{"0":{"start":{"line":4,"column":18},"end":{"line":43,"column":1}},"1":{"start":{"line":8,"column":34},"end":{"line":8,"column":46}},"2":{"start":{"line":9,"column":34},"end":{"line":9,"column":46}},"3":{"start":{"line":11,"column":22},"end":{"line":17,"column":3}},"4":{"start":{"line":12,"column":4},"end":{"line":12,"column":26}},"5":{"start":{"line":14,"column":4},"end":{"line":14,"column":43}},"6":{"start":{"line":15,"column":4},"end":{"line":15,"column":19}},"7":{"start":{"line":16,"column":4},"end":{"line":16,"column":19}},"8":{"start":{"line":19,"column":2},"end":{"line":42,"column":3}},"9":{"start":{"line":28,"column":33},"end":{"line":28,"column":64}},"10":{"start":{"line":36,"column":33},"end":{"line":36,"column":64}},"11":{"start":{"line":45,"column":0},"end":{"line":47,"column":1}}},"fnMap":{"0":{"name":"(anonymous_0)","decl":{"start":{"line":4,"column":18},"end":{"line":4,"column":19}},"loc":{"start":{"line":6,"column":6},"end":{"line":43,"column":1}},"line":6},"1":{"name":"(anonymous_1)","decl":{"start":{"line":11,"column":22},"end":{"line":11,"column":23}},"loc":{"start":{"line":11,"column":39},"end":{"line":17,"column":3}},"line":11},"2":{"name":"(anonymous_2)","decl":{"start":{"line":28,"column":22},"end":{"line":28,"column":23}},"loc":{"start":{"line":28,"column":33},"end":{"line":28,"column":64}},"line":28},"3":{"name":"(anonymous_3)","decl":{"start":{"line":36,"column":22},"end":{"line":36,"column":23}},"loc":{"start":{"line":36,"column":33},"end":{"line":36,"column":64}},"line":36}},"branchMap":{},"s":{"0":0,"1":0,"2":0,"3":0,"4":0,"5":0,"6":0,"7":0,"8":0,"9":0,"10":0,"11":0},"f":{"0":0,"1":0,"2":0,"3":0},"b":{}}
,"D:\\ESTUDIOS WEB\\BOOTCAMP-HELSINKI\\FullStackOpen2023_exercises\\part2part5\\notes\\src\\components\\Note.jsx": {"path":"D:\\ESTUDIOS WEB\\BOOTCAMP-HELSINKI\\FullStackOpen2023_exercises\\part2part5\\notes\\src\\components\\Note.jsx","statementMap":{"0":{"start":{"line":1,"column":13},"end":{"line":7,"column":1}},"1":{"start":{"line":2,"column":16},"end":{"line":2,"column":72}},"2":{"start":{"line":3,"column":2},"end":{"line":6,"column":3}}},"fnMap":{"0":{"name":"(anonymous_0)","decl":{"start":{"line":1,"column":13},"end":{"line":1,"column":14}},"loc":{"start":{"line":1,"column":45},"end":{"line":7,"column":1}},"line":1}},"branchMap":{"0":{"loc":{"start":{"line":2,"column":16},"end":{"line":2,"column":72}},"type":"cond-expr","locations":[{"start":{"line":2,"column":33},"end":{"line":2,"column":53}},{"start":{"line":2,"column":56},"end":{"line":2,"column":72}}],"line":2}},"s":{"0":1,"1":2,"2":2},"f":{"0":2},"b":{"0":[2,0]},"_coverageSchema":"1a1c01bbd47fc00a2c39e90264f33305004495a9","hash":"2dcee2de9542bae1150891dfc0885699cc2e2d4b"}
,"D:\\ESTUDIOS WEB\\BOOTCAMP-HELSINKI\\FullStackOpen2023_exercises\\part2part5\\notes\\src\\components\\NoteForm.jsx": {"path":"D:\\ESTUDIOS WEB\\BOOTCAMP-HELSINKI\\FullStackOpen2023_exercises\\part2part5\\notes\\src\\components\\NoteForm.jsx","statementMap":{"0":{"start":{"line":3,"column":17},"end":{"line":35,"column":1}},"1":{"start":{"line":4,"column":32},"end":{"line":4,"column":44}},"2":{"start":{"line":6,"column":23},"end":{"line":8,"column":3}},"3":{"start":{"line":7,"column":4},"end":{"line":7,"column":34}},"4":{"start":{"line":10,"column":18},"end":{"line":18,"column":3}},"5":{"start":{"line":11,"column":4},"end":{"line":11,"column":26}},"6":{"start":{"line":12,"column":4},"end":{"line":15,"column":6}},"7":{"start":{"line":17,"column":4},"end":{"line":17,"column":18}},"8":{"start":{"line":20,"column":2},"end":{"line":34,"column":3}}},"fnMap":{"0":{"name":"(anonymous_0)","decl":{"start":{"line":3,"column":17},"end":{"line":3,"column":18}},"loc":{"start":{"line":3,"column":37},"end":{"line":35,"column":1}},"line":3},"1":{"name":"(anonymous_1)","decl":{"start":{"line":6,"column":23},"end":{"line":6,"column":24}},"loc":{"start":{"line":6,"column":34},"end":{"line":8,"column":3}},"line":6},"2":{"name":"(anonymous_2)","decl":{"start":{"line":10,"column":18},"end":{"line":10,"column":19}},"loc":{"start":{"line":10,"column":29},"end":{"line":18,"column":3}},"line":10}},"branchMap":{},"s":{"0":1,"1":19,"2":19,"3":17,"4":19,"5":1,"6":1,"7":1,"8":19},"f":{"0":19,"1":17,"2":1},"b":{},"_coverageSchema":"1a1c01bbd47fc00a2c39e90264f33305004495a9","hash":"88898e42075c8e12afb779392844b2cedae3df7c"}
,"D:\\ESTUDIOS WEB\\BOOTCAMP-HELSINKI\\FullStackOpen2023_exercises\\part2part5\\notes\\src\\components\\Notification.jsx": {"path":"D:\\ESTUDIOS WEB\\BOOTCAMP-HELSINKI\\FullStackOpen2023_exercises\\part2part5\\notes\\src\\components\\Notification.jsx","statementMap":{"0":{"start":{"line":1,"column":21},"end":{"line":11,"column":1}},"1":{"start":{"line":2,"column":2},"end":{"line":4,"column":3}},"2":{"start":{"line":3,"column":4},"end":{"line":3,"column":15}},"3":{"start":{"line":6,"column":2},"end":{"line":10,"column":3}}},"fnMap":{"0":{"name":"(anonymous_0)","decl":{"start":{"line":1,"column":21},"end":{"line":1,"column":22}},"loc":{"start":{"line":1,"column":38},"end":{"line":11,"column":1}},"line":1}},"branchMap":{"0":{"loc":{"start":{"line":2,"column":2},"end":{"line":4,"column":3}},"type":"if","locations":[{"start":{"line":2,"column":2},"end":{"line":4,"column":3}},{"start":{},"end":{}}],"line":2}},"s":{"0":0,"1":0,"2":0,"3":0},"f":{"0":0},"b":{"0":[0,0]}}
,"D:\\ESTUDIOS WEB\\BOOTCAMP-HELSINKI\\FullStackOpen2023_exercises\\part2part5\\notes\\src\\components\\Togglable.jsx": {"path":"D:\\ESTUDIOS WEB\\BOOTCAMP-HELSINKI\\FullStackOpen2023_exercises\\part2part5\\notes\\src\\components\\Togglable.jsx","statementMap":{"0":{"start":{"line":4,"column":18},"end":{"line":31,"column":2}},"1":{"start":{"line":5,"column":32},"end":{"line":5,"column":47}},"2":{"start":{"line":7,"column":26},"end":{"line":7,"column":60}},"3":{"start":{"line":8,"column":26},"end":{"line":8,"column":60}},"4":{"start":{"line":10,"column":27},"end":{"line":12,"column":3}},"5":{"start":{"line":11,"column":4},"end":{"line":11,"column":24}},"6":{"start":{"line":14,"column":2},"end":{"line":18,"column":4}},"7":{"start":{"line":15,"column":4},"end":{"line":17,"column":5}},"8":{"start":{"line":20,"column":2},"end":{"line":30,"column":3}},"9":{"start":{"line":33,"column":0},"end":{"line":33,"column":35}},"10":{"start":{"line":34,"column":0},"end":{"line":36,"column":1}}},"fnMap":{"0":{"name":"(anonymous_0)","decl":{"start":{"line":4,"column":29},"end":{"line":4,"column":30}},"loc":{"start":{"line":4,"column":46},"end":{"line":31,"column":1}},"line":4},"1":{"name":"(anonymous_1)","decl":{"start":{"line":10,"column":27},"end":{"line":10,"column":28}},"loc":{"start":{"line":10,"column":33},"end":{"line":12,"column":3}},"line":10},"2":{"name":"(anonymous_2)","decl":{"start":{"line":14,"column":28},"end":{"line":14,"column":29}},"loc":{"start":{"line":14,"column":34},"end":{"line":18,"column":3}},"line":14}},"branchMap":{"0":{"loc":{"start":{"line":7,"column":37},"end":{"line":7,"column":58}},"type":"cond-expr","locations":[{"start":{"line":7,"column":47},"end":{"line":7,"column":53}},{"start":{"line":7,"column":56},"end":{"line":7,"column":58}}],"line":7},"1":{"loc":{"start":{"line":8,"column":37},"end":{"line":8,"column":58}},"type":"cond-expr","locations":[{"start":{"line":8,"column":47},"end":{"line":8,"column":49}},{"start":{"line":8,"column":52},"end":{"line":8,"column":58}}],"line":8}},"s":{"0":1,"1":7,"2":7,"3":7,"4":7,"5":3,"6":7,"7":0,"8":7,"9":1,"10":1},"f":{"0":7,"1":3,"2":0},"b":{"0":[2,5],"1":[2,5]},"_coverageSchema":"1a1c01bbd47fc00a2c39e90264f33305004495a9","hash":"5d8a990f1ed21152401461e2666371a6cbd78e89"}
,"D:\\ESTUDIOS WEB\\BOOTCAMP-HELSINKI\\FullStackOpen2023_exercises\\part2part5\\notes\\src\\services\\login.js": {"path":"D:\\ESTUDIOS WEB\\BOOTCAMP-HELSINKI\\FullStackOpen2023_exercises\\part2part5\\notes\\src\\services\\login.js","statementMap":{"0":{"start":{"line":3,"column":16},"end":{"line":3,"column":28}},"1":{"start":{"line":5,"column":14},"end":{"line":8,"column":1}},"2":{"start":{"line":6,"column":19},"end":{"line":6,"column":57}},"3":{"start":{"line":7,"column":2},"end":{"line":7,"column":22}}},"fnMap":{"0":{"name":"(anonymous_0)","decl":{"start":{"line":5,"column":14},"end":{"line":5,"column":15}},"loc":{"start":{"line":5,"column":37},"end":{"line":8,"column":1}},"line":5}},"branchMap":{},"s":{"0":0,"1":0,"2":0,"3":0},"f":{"0":0},"b":{}}
,"D:\\ESTUDIOS WEB\\BOOTCAMP-HELSINKI\\FullStackOpen2023_exercises\\part2part5\\notes\\src\\services\\notes.js": {"path":"D:\\ESTUDIOS WEB\\BOOTCAMP-HELSINKI\\FullStackOpen2023_exercises\\part2part5\\notes\\src\\services\\notes.js","statementMap":{"0":{"start":{"line":3,"column":16},"end":{"line":3,"column":28}},"1":{"start":{"line":4,"column":12},"end":{"line":4,"column":16}},"2":{"start":{"line":6,"column":17},"end":{"line":8,"column":1}},"3":{"start":{"line":7,"column":2},"end":{"line":7,"column":30}},"4":{"start":{"line":10,"column":15},"end":{"line":12,"column":1}},"5":{"start":{"line":11,"column":2},"end":{"line":11,"column":59}},"6":{"start":{"line":11,"column":45},"end":{"line":11,"column":58}},"7":{"start":{"line":14,"column":15},"end":{"line":21,"column":1}},"8":{"start":{"line":15,"column":17},"end":{"line":17,"column":3}},"9":{"start":{"line":19,"column":19},"end":{"line":19,"column":63}},"10":{"start":{"line":20,"column":2},"end":{"line":20,"column":22}},"11":{"start":{"line":23,"column":15},"end":{"line":25,"column":1}},"12":{"start":{"line":24,"column":2},"end":{"line":24,"column":81}},"13":{"start":{"line":24,"column":67},"end":{"line":24,"column":80}}},"fnMap":{"0":{"name":"(anonymous_0)","decl":{"start":{"line":6,"column":17},"end":{"line":6,"column":18}},"loc":{"start":{"line":6,"column":29},"end":{"line":8,"column":1}},"line":6},"1":{"name":"(anonymous_1)","decl":{"start":{"line":10,"column":15},"end":{"line":10,"column":16}},"loc":{"start":{"line":10,"column":21},"end":{"line":12,"column":1}},"line":10},"2":{"name":"(anonymous_2)","decl":{"start":{"line":11,"column":33},"end":{"line":11,"column":34}},"loc":{"start":{"line":11,"column":45},"end":{"line":11,"column":58}},"line":11},"3":{"name":"(anonymous_3)","decl":{"start":{"line":14,"column":15},"end":{"line":14,"column":16}},"loc":{"start":{"line":14,"column":36},"end":{"line":21,"column":1}},"line":14},"4":{"name":"(anonymous_4)","decl":{"start":{"line":23,"column":15},"end":{"line":23,"column":16}},"loc":{"start":{"line":23,"column":34},"end":{"line":25,"column":1}},"line":23},"5":{"name":"(anonymous_5)","decl":{"start":{"line":24,"column":55},"end":{"line":24,"column":56}},"loc":{"start":{"line":24,"column":67},"end":{"line":24,"column":80}},"line":24}},"branchMap":{},"s":{"0":0,"1":0,"2":0,"3":0,"4":0,"5":0,"6":0,"7":0,"8":0,"9":0,"10":0,"11":0,"12":0,"13":0},"f":{"0":0,"1":0,"2":0,"3":0,"4":0,"5":0},"b":{}}
}
